<?xml version="1.0" encoding="UTF-8"?>
<!-- Generated by org.testng.reporters.JUnitReportReporter -->
<testsuite hostname="Windows-Rengarajan" failures="0" tests="1" name="testCases.DataStructure" time="0.000" errors="0" timestamp="2022-12-05T22:11:49 EST" skipped="1">
  <testcase classname="testCases.DataStructure" name="ds" time="0.000">
    <skipped/>
  </testcase> <!-- ds -->
  <system-out/>
</testsuite> <!-- testCases.DataStructure -->
