<?xml version="1.0" encoding="UTF-8"?>
<!-- Generated by org.testng.reporters.JUnitReportReporter -->
<testsuite hostname="Windows-Rengarajan" failures="0" tests="1" name="testCases.loginTestCase" time="10.809" errors="1" timestamp="2022-12-05T22:11:49 EST" skipped="0">
  <testcase classname="testCases.loginTestCase" name="InitializeDriver" time="10.809">
    <error message="Error communicating with the remote browser. It may have died.
Build info: version: &#039;4.4.0&#039;, revision: &#039;e5c75ed026a&#039;
System info: host: &#039;WINDOWS-RENGARA&#039;, ip: &#039;192.168.2.14&#039;, os.name: &#039;Windows 8.1&#039;, os.arch: &#039;amd64&#039;, os.version: &#039;6.3&#039;, java.version: &#039;18.0.2.1&#039;
Driver info: org.openqa.selenium.chrome.ChromeDriver
Command: [8840211970fcf04555ff6d0fcc1474be, findElement {using=link text, value=Get Started}]
Capabilities {acceptInsecureCerts: false, browserName: chrome, browserVersion: 107.0.5304.123, chrome: {chromedriverVersion: 107.0.5304.62 (1eec40d3a576..., userDataDir: C:\Users\RENGAR~1\AppData\L...}, goog:chromeOptions: {debuggerAddress: localhost:51188}, networkConnectionEnabled: false, pageLoadStrategy: normal, platformName: WINDOWS, proxy: Proxy(), se:cdp: ws://localhost:51188/devtoo..., se:cdpVersion: 107.0.5304.123, setWindowRect: true, strictFileInteractability: false, timeouts: {implicit: 0, pageLoad: 300000, script: 30000}, unhandledPromptBehavior: dismiss and notify, webauthn:extension:credBlob: true, webauthn:extension:largeBlob: true, webauthn:virtualAuthenticators: true}
Session ID: 8840211970fcf04555ff6d0fcc1474be" type="org.openqa.selenium.remote.UnreachableBrowserException">
      <![CDATA[org.openqa.selenium.remote.UnreachableBrowserException: Error communicating with the remote browser. It may have died.
Build info: version: '4.4.0', revision: 'e5c75ed026a'
System info: host: 'WINDOWS-RENGARA', ip: '192.168.2.14', os.name: 'Windows 8.1', os.arch: 'amd64', os.version: '6.3', java.version: '18.0.2.1'
Driver info: org.openqa.selenium.chrome.ChromeDriver
Command: [8840211970fcf04555ff6d0fcc1474be, findElement {using=link text, value=Get Started}]
Capabilities {acceptInsecureCerts: false, browserName: chrome, browserVersion: 107.0.5304.123, chrome: {chromedriverVersion: 107.0.5304.62 (1eec40d3a576..., userDataDir: C:\Users\RENGAR~1\AppData\L...}, goog:chromeOptions: {debuggerAddress: localhost:51188}, networkConnectionEnabled: false, pageLoadStrategy: normal, platformName: WINDOWS, proxy: Proxy(), se:cdp: ws://localhost:51188/devtoo..., se:cdpVersion: 107.0.5304.123, setWindowRect: true, strictFileInteractability: false, timeouts: {implicit: 0, pageLoad: 300000, script: 30000}, unhandledPromptBehavior: dismiss and notify, webauthn:extension:credBlob: true, webauthn:extension:largeBlob: true, webauthn:virtualAuthenticators: true}
Session ID: 8840211970fcf04555ff6d0fcc1474be
at org.openqa.selenium.remote.RemoteWebDriver.execute(RemoteWebDriver.java:571)
at org.openqa.selenium.remote.ElementLocation$ElementFinder$2.findElement(ElementLocation.java:162)
at org.openqa.selenium.remote.ElementLocation.findElement(ElementLocation.java:60)
at org.openqa.selenium.remote.RemoteWebDriver.findElement(RemoteWebDriver.java:365)
at org.openqa.selenium.remote.RemoteWebDriver.findElement(RemoteWebDriver.java:357)
at base.baseClass.InitializeDriver(baseClass.java:29)
at java.base/jdk.internal.reflect.DirectMethodHandleAccessor.invoke(DirectMethodHandleAccessor.java:104)
at java.base/java.lang.reflect.Method.invoke(Method.java:577)
at org.testng.internal.invokers.MethodInvocationHelper.invokeMethod(MethodInvocationHelper.java:139)
at org.testng.internal.invokers.MethodInvocationHelper.invokeMethodConsideringTimeout(MethodInvocationHelper.java:69)
at org.testng.internal.invokers.ConfigInvoker.invokeConfigurationMethod(ConfigInvoker.java:361)
at org.testng.internal.invokers.ConfigInvoker.invokeConfigurations(ConfigInvoker.java:296)
at org.testng.SuiteRunner.privateRun(SuiteRunner.java:372)
at org.testng.SuiteRunner.run(SuiteRunner.java:330)
at org.testng.SuiteRunnerWorker.runSuite(SuiteRunnerWorker.java:52)
at org.testng.SuiteRunnerWorker.run(SuiteRunnerWorker.java:95)
at org.testng.TestNG.runSuitesSequentially(TestNG.java:1256)
at org.testng.TestNG.runSuitesLocally(TestNG.java:1176)
at org.testng.TestNG.runSuites(TestNG.java:1099)
at org.testng.TestNG.run(TestNG.java:1067)
at org.testng.remote.AbstractRemoteTestNG.run(AbstractRemoteTestNG.java:115)
at org.testng.remote.RemoteTestNG.initAndRun(RemoteTestNG.java:251)
at org.testng.remote.RemoteTestNG.main(RemoteTestNG.java:77)
Caused by: java.io.UncheckedIOException: java.net.SocketException: Connection reset
at org.openqa.selenium.remote.http.netty.NettyHttpHandler.makeCall(NettyHttpHandler.java:73)
at org.openqa.selenium.remote.http.AddSeleniumUserAgent.lambda$apply$0(AddSeleniumUserAgent.java:42)
at org.openqa.selenium.remote.http.Filter.lambda$andFinally$1(Filter.java:56)
at org.openqa.selenium.remote.http.netty.NettyHttpHandler.execute(NettyHttpHandler.java:49)
at org.openqa.selenium.remote.http.AddSeleniumUserAgent.lambda$apply$0(AddSeleniumUserAgent.java:42)
at org.openqa.selenium.remote.http.Filter.lambda$andFinally$1(Filter.java:56)
at org.openqa.selenium.remote.http.netty.NettyClient.execute(NettyClient.java:98)
at org.openqa.selenium.remote.HttpCommandExecutor.execute(HttpCommandExecutor.java:181)
at org.openqa.selenium.remote.service.DriverCommandExecutor.invokeExecute(DriverCommandExecutor.java:167)
at org.openqa.selenium.remote.service.DriverCommandExecutor.execute(DriverCommandExecutor.java:142)
at org.openqa.selenium.remote.RemoteWebDriver.execute(RemoteWebDriver.java:547)
... 22 more
Caused by: java.net.SocketException: Connection reset
at java.base/sun.nio.ch.SocketChannelImpl.throwConnectionReset(SocketChannelImpl.java:394)
at java.base/sun.nio.ch.SocketChannelImpl.read(SocketChannelImpl.java:426)
at io.netty.buffer.PooledByteBuf.setBytes(PooledByteBuf.java:258)
at io.netty.buffer.AbstractByteBuf.writeBytes(AbstractByteBuf.java:1132)
at io.netty.channel.socket.nio.NioSocketChannel.doReadBytes(NioSocketChannel.java:357)
at io.netty.channel.nio.AbstractNioByteChannel$NioByteUnsafe.read(AbstractNioByteChannel.java:151)
at io.netty.channel.nio.NioEventLoop.processSelectedKey(NioEventLoop.java:722)
at io.netty.channel.nio.NioEventLoop.processSelectedKeysOptimized(NioEventLoop.java:658)
at io.netty.channel.nio.NioEventLoop.processSelectedKeys(NioEventLoop.java:584)
at io.netty.channel.nio.NioEventLoop.run(NioEventLoop.java:496)
at io.netty.util.concurrent.SingleThreadEventExecutor$4.run(SingleThreadEventExecutor.java:997)
at io.netty.util.internal.ThreadExecutorMap$2.run(ThreadExecutorMap.java:74)
at io.netty.util.concurrent.FastThreadLocalRunnable.run(FastThreadLocalRunnable.java:30)
at java.base/java.lang.Thread.run(Thread.java:833)
]]>
    </error>
  </testcase> <!-- InitializeDriver -->
  <system-out/>
</testsuite> <!-- testCases.loginTestCase -->
